[    0.0000]Linux version 4.15.0-122-generic (buildd@lgw01-amd64-036) (gcc version 7.5.0 (Ubuntu 7.5.3ubunt~18.0) #124-Untu MPThu Oct15 103:05TC 20 (Ubuntu 4.15.0-122.124-geric 15.1
[  0.0000] omandine: OT_IME=/bo/vmliz-4..0-1-genri rootUID=7c07d1-d2ec-4630-81370cafc4e0d81 ro console=tty1 console=ttyS0
[    0.0000]ERNEsuppord cpus
[    0.000000]   IntelenuineIntel
[    0.000000]   AMD AuthenticAMD
[    0.000000]   Centaur CentaurHauls
[   0.00000] x86/fpu: Supporting XSAVE feature 0x001: 'x87 floating point registers'
[  0.0000] x/fpu: Supporting XSAVE feature 0x02: 'S regters'
[    0.000000] x86/fpu: Supporting XSAVE feature 0x004: 'AVX registers'
[  0.0000] x86/fpu: xstate_offset[2]:  576, xstate_sizes[2]:  256
[  0.0000] x86/fpu:nabl xsta feares 0, coext ze is 832 bytes, using 'stdard'ormat
[    0.00000] e820BIOS-ovided psical R map
[  0.0000] OS-e0: [mem 000000000000-0000000009fbff] usabe
[  0.000000] BIOe820: [mem0x000000000900-0x000000000fff] reseed
   0.0000] BS-e80:[memx0000000f0000x000000000fffff] reserved
[  0.000000BIOS820: [mem 0x000000000100000-0x000000003ffeffff] usable
[    0.000000] BIOS-e820: [mem 0x000000003fff0000-0x000000003fffffff] ACPI data
[    0.000000] BIOS-e820: [mem 0000000ec000-0x000000fe0fffreserved
[    0.000000] BIOS-e820: [mem 0x00000000fee00000-0x00000000fee00fff] reserved
[    0.000000] BIOS820:mem 000000fff000-0000000ffffff rerved
[   .0000] NX (Execute Disable) protection: active
[    0.000000] SMBIOS 2.5 present.
[    0.000000] DMI: innotek GmbH Virtualx/VirtualBox, BIOS VirtualBox 12/01/2006
[    0.000000Hypeisor deeced: M
[    0.000000] e820: last_pfn = 0x3fff0 max_arch_pfn = 0x400000000
[    0.000000] MTRR: Disabled
[    0.000000] x86/PAT: MTRRs disabled, skipping PAT initialization too.
[    0000] CPU MTR alllank virtualiedsyem.
[  0.0000]86/P: Configation [0-7]: WB  WT  C- U WB WT  UC- UC  
[    0.000000] found SMP MP-table at [mem 0x0009fff0-0x0009ffff]
[    0.000000] Scanning 1 areas for low memory corruption
[    0.000000] RAMDISK: [mem 0x3595f000-0x36ca6fff]
[    0.000000] ACPI: Early table checksum verification disabled
[    0.000000] ACPI: RSDP 0x00000000000E0000 000024 (v02 VBOX  )
[    0.00000]ACI: XSDT 0x0000003F0030 003C (v0VBOX VBOXSD 000001SL  0000)
[   .0000] AC: FAC0x00000003FF000 000F4 (v0VBOX VBOXFAP 00000 ASL00000061)
[  0.0000] PI: DT 0000000FFF0470 001F (v0VBOX   VBOXBIOS 00000002 INTL 20100528)
[    0.000000] ACPI: FACS 0x000000003FFF0200 000040
[    0.000000] ACPI: FACS 0x000000003FFF0200 000040
[    0.000000] ACPI: APIC 0x00003FFF240 0000 (v0VBOX VBOXAPI00000001 ASL  000061)
[    0.000000] ACPI: SSDT 0x000000003FFF02A0 0001CC (v01 VBOX   VBOXCPUT 00000002 INTL 20100528)
[    0.000000] No NUMA configuration found
[    0.00000 Faking aode at [m 0x00000000000-x0000003effff
    000000NODE_TA(0allocated [mem 0x3ffc5000-0x3ffeffff]
[    0.000000] kvm-clock: cpu 0, msr 0:3ff44001, primary cpu clock
[    0.000000] kvm-clock: Using msrs 4b564d01 and 4b564d00
[    0.000000] kvm-clock: using sched offset of 3788481506 ycle
[    0000] clocsorc kvm-clock: mask: 0xffffffffffffffff max_ycles: 0x1cd42e4dffb, max_idle_ns: 881590591483 ns
[   000000] ne rngs:
[   .00000   D      [mem 0x0000000000001000-0x0000000000ffffff]
[   .0000]  MA32    [m 0x000000000000000x000003fffff]
[    000000]   Normal   empty
[    0.000000]   Device   empty
[    0.000000] Moble ne srt f eachode
   0.0000]arly mery ne rans
[  0.00000]   ne   0[memx000000001000x00000009eff]
[    0.000000]   node   0: [mem 0x0000000000100000-0x000000003ffeffff]
[  0.0000] served but unavailable: 98 pages
[    0.000000] Initmem setup ne 0 [m 0x0000000010000x0000000ffffff
[    0.0000ACPIPM-Ter IO Port: 0x4008
[    0.000000] IOAPIC[0]: apic_id 2, version 32, address 0xfec000, GSI 0-23
[    000000]CPI: INTRC_OVR (bus 0 bus_irq 0 global_irq 2 dfl dfl)
[    0.000000] ACPI: INT_SRC_OVR (bus 0 bus_ir9 glal_ir9 lolevel)
[  0.0000] sing ACPI (MADT) for SMP configuration information
[    0.000000] smpboot: Allowing 2 CPUs, 0 hotplug CPUs
[    0.000000] PM: Registered nosave memory:mem 000000-0x000fff]
[  0.0000]M: Rister nosa memo: [m 0x0009f0-0x00ffff]
[    0.0000PM: gisterednoavmemo: [me0x000000-0x0effff
[   00000] PM: Rgiterenosave meor: [me0x000f0000-0x000fffff]
[    0.000000] e820: [mem 0x400000-0xbfffffavaiabe foPCI dices
[  0.0000] Btingaravtualid keel on M
[  0.0000] ccksoce: finejiffies: mask: 0xffffffff max_cycles: 0xffffffff, max_idle_ns: 764551960211568 ns
[    0.000000] random: get_random_bytes called from start_kernel0x99x500 wh crninit=0
[   00000] sup_pcpu: NR_US:8192 nr_cpumask_bits:2 nr_cpu_ids:2 _nodeds:1
[  0.0000] pcpu: bedd 45 pagescpu s147456 r8192 d28672 u1048576
[    0.000000] PV qspinlock hash table entries: 256 (order: 0, 4096 bytes)
[    0.000000] Built 1 zonelists, mobility grouping on.  Total pages: 27913
[  0.0000] Pocy zone: DMA32
[    0.000000] Kernel command line: BOOT_IMAGE=/boot/vmliuz4.150-122-gnerirootUID=7c07d12ec-30-81340cafe0d81o coole=ty conle=ttS0
[    0.000000] Memory: 9824K/10120K available (230K keel code2482Kwdat 4272K rodata, 243K nit, 2724Kss, 616K rerved0K c-resved)
[    00000 SLU HWali=64, Ord=0-3, MinObjects=0, CP=2, des=1
[    0.000000] Kernel/User page tableisolion:nabl
[    0.0000] ftce: allatin39402 enies  154ages
[  0.0000] Herrchic RCU plementation.
[  0.004000] 	RCU restrictinCPUs om NCPUS192 tor_cpids=2
[    0.0000] asksCU enabled.
[  0.0000] RCU: Adstingeometry for cu_fout_af=16nr_cpu_ids=2
[  0.004000] NR_IRQS: 524544, nr_irqs: 440, preallocated irqs: 16
[    0.004000] Console: colour VGA+ 80x25
[    0.004000] console [tty1] enabled
[    0.004000] console [ttyS0] enabled
[    0.00400]ACPI: Core revision 20170831
[    0.004000] ACPI2 AC AMLables suessfully auired ndloade
[    0.004000] APIC: Switch to symmetric I/O mode setup
[    0.004291] x2apic enabled
[    0.008005] Switched APIC routing to physical x2apic.
[    0.013138] ..TIMER: vector=0x30 apic1=0 pin1=2 apic2=-1 pin2=-1
[    0.016004] tsc: Detected 3696.000 MHz processor
[    0.016888] Calibrating delay loop (skipped) preset value.. 7392.00 BogoMIPS (lpj=14784000)
[    0.020002] pid_max: default: 32768 minimum: 301
[    0.020895] Security Framework initialized
[    0.021686] Yama: becoming mindful.
[    0.022352] AppArmor: AppArmor initialized
[    0.028034] Dentry cache hash table entries: 131072 (order: 8, 1048576 bytes)
[    0.032057] Inode-cache hash table entries: 65536 (order: 7, 524288 bytes)
[    0.033128] Mount-cache hash table entries: 2048 (order: 2, 16384 bytes)
[    0.036004] Mountpoint-cache hash table entries: 2048 (order: 2, 16384 bytes)
[    0.040206] Last level iTLB entries: 4KB 64, 2MB 8, 4MB 8
[    0.044002] Last level dTLB entries: 4KB 64, 2MB 0, 4MB 0, 1GB 4
[    0.045074] Spectre V1 : Mitigation: usercopy/swapgs barriers and __user pointer sanitization
[    0.046622] Spectre V2 : Mitigation: Full generic retpoline
[    0.047646] Spectre V2 : Spectre v2 / SpectreRSB mitigation: Filling RSB on context switch
[    0.048005] Speculative Store Bypass: Vulnerable
[    0.048809] SRBDS: Unknown: Dependent on hypervisor status
[    0.052002] MDS: Vulnerable: Clear CPU buffers attempted, no microcode
[    0.056163] Freeing SMP alternatives memory: 36K
[    0.169875] smpboot: CPU0: Intel(R) Core(TM) i7-8700K CPU @ 3.70GHz (family: 0x6, model: 0x9e, stepping: 0xa)
[    0.172063] Performance Events: unsupported p6 CPU model 158 no PMU driver, software events only.
[    0.173465] Hierarchical SRCU implementation.
[    0.176462] NMI watchdog: Perf event create on CPU 0 failed with -2
[    0.180001] NMI watchdog: Perf NMI watchdog permanently disabled
[    0.184058] smp: Bringing up secondary CPUs ...
[    0.188088] x86: Booting SMP configuration:
[    0.192006] .... node  #0, CPUs:      #1
[    0.004000] kvm-clock: cpu 1, msr 0:3ff44041, secondary cpu clock
[    0.400018] smp: Brought up 1 node, 2 CPUs
[    0.404007] smpboot: Max logical packages: 1
[    0.408005] smpboot: Total of 2 processors activated (14784.00 BogoMIPS)
[    0.412109] devtmpfs: initialized
[    0.416057] x86/mm: Memory block size: 128MB
[    0.420142] evm: security.selinux
[    0.424008] evm: security.SMACK64
[    0.424591] evm: security.SMACK64EXEC
[    0.428002] evm: security.SMACK64TRANSMUTE
[    0.428780] evm: security.SMACK64MMAP
[    0.429494] evm: security.apparmor
[    0.430158] evm: security.ima
[    0.430742] evm: security.capability
[    0.431463] clocksource: jiffies: mask: 0xffffffff max_cycles: 0xffffffff, max_idle_ns: 7645041785100000 ns
[    0.432014] futex hash table entries: 512 (order: 3, 32768 bytes)
[    0.440017] pinctrl core: initialized pinctrl subsystem
[    0.444094] RTC time: 11:10:09, date: 11/01/20
[    0.444990] NET: Registered protocol family 16
[    0.448079] audit: initializing netlink subsys (disabled)
[    0.452035] audit: type=2000 audit(1604228990.328:1): state=initialized audit_enabled=0 res=1
[    0.504008] cpuidle: using governor ladder
[    0.508016] cpuidle: using governor menu
[    0.512047] ACPI: bus type PCI registered
[    0.516003] acpiphp: ACPI Hot Plug PCI Controller Driver version: 0.5
[    0.520091] PCI: Using configuration type 1 for base access
[    0.528522] HugeTLB registered 2.00 MiB page size, pre-allocated 0 pages
[    0.532087] ACPI: Added _OSI(Module Device)
[    0.536012] ACPI: Added _OSI(Processor Device)
[    0.536818] ACPI: Added _OSI(3.0 _SCP Extensions)
[    0.537657] ACPI: Added _OSI(Processor Aggregator Device)
[    0.540007] ACPI: Added _OSI(Linux-Dell-Video)
[    0.540810] ACPI: Added _OSI(Linux-Lenovo-NV-HDMI-Audio)
[    0.541758] ACPI: Added _OSI(Linux-HPI-Hybrid-Graphics)
[    0.542942] ACPI: Executed 1 blocks of module-level executable AML code
[    0.547201] ACPI: Interpreter enabled
[    0.548018] ACPI: (supports S0 S5)
[    0.552005] ACPI: Using IOAPIC for interrupt routing
[    0.556258] PCI: Using host bridge windows from ACPI; if necessary, use "pci=nocrs" and report a bug
[    0.560191] ACPI: Enabled 2 GPEs in block 00 to 07
[    0.568259] ACPI: PCI Root Bridge [PCI0] (domain 0000 [bus 00-ff])
[    0.572012] acpi PNP0A03:00: _OSC: OS supports [ASPM ClockPM Segments MSI]
[    0.573189] acpi PNP0A03:00: _OSC: not requesting OS control; OS requires [ExtendedConfig ASPM ClockPM MSI]
[    0.576019] acpi PNP0A03:00: fail to add MMCONFIG information, can't access extended PCI configuration space under this bridge.
[    0.580312] PCI host bridge to bus 0000:00
[    0.584007] pci_bus 0000:00: root bus resource [io  0x0000-0x0cf7 window]
[    0.588006] pci_bus 0000:00: root bus resource [io  0x0d00-0xffff window]
[    0.592005] pci_bus 0000:00: root bus resource [mem 0x000a0000-0x000bffff window]
[    0.596003] pci_bus 0000:00: root bus resource [mem 0x40000000-0xfdffffff window]
[    0.600006] pci_bus 0000:00: root bus resource [bus 00-ff]
[    0.609025] pci 0000:00:01.1: legacy IDE quirk: reg 0x10: [io  0x01f0-0x01f7]
[    0.612007] pci 0000:00:01.1: legacy IDE quirk: reg 0x14: [io  0x03f6]
[    0.616006] pci 0000:00:01.1: legacy IDE quirk: reg 0x18: [io  0x0170-0x0177]
[    0.620006] pci 0000:00:01.1: legacy IDE quirk: reg 0x1c: [io  0x0376]
[    0.635245] pci 0000:00:07.0: quirk: [io  0x4000-0x403f] claimed by PIIX4 ACPI
[    0.636020] pci 0000:00:07.0: quirk: [io  0x4100-0x410f] claimed by PIIX4 SMB
[    0.650625] ACPI: PCI Interrupt Link [LNKA] (IRQs 5 9 10 *11)
[    0.656019] ACPI: PCI Interrupt Link [LNKB] (IRQs 5 9 *10 11)
[    0.660134] ACPI: PCI Interrupt Link [LNKC] (IRQs 5 *9 10 11)
[    0.664134] ACPI: PCI Interrupt Link [LNKD] (IRQs 5 9 10 *11)
[    0.668225] SCSI subsystem initialized
[    0.668890] pci 0000:00:02.0: vgaarb: setting as boot VGA device
[    0.669007] pci 0000:00:02.0: vgaarb: VGA device added: decodes=io+mem,owns=io+mem,locks=none
[    0.672011] pci 0000:00:02.0: vgaarb: bridge control possible
[    0.672935] vgaarb: loaded
[    0.676021] ACPI: bus type USB registered
[    0.680022] usbcore: registered new interface driver usbfs
[    0.684011] usbcore: registered new interface driver hub
[    0.684925] usbcore: registered new device driver usb
[    0.688057] EDAC MC: Ver: 3.0.0
[    0.688811] PCI: Using ACPI for IRQ routing
[    0.692237] NetLabel: Initializing
[    0.696006] NetLabel:  domain hash size = 128
[    0.700003] NetLabel:  protocols = UNLABELED CIPSOv4 CALIPSO
[    0.704020] NetLabel:  unlabeled traffic allowed by default
[    0.708077] clocksource: Switched to clocksource kvm-clock
[  0751]FSDi quots dquo6.0
  1.47] S:qu-cheastae trs:12order 040 bes

[   .05807Aprm: pAorilysm abd
  2.11] p:nPCPini
[  3100]pnp PP AI:ou 3eves
[  3.74] ocoue:cppmma: 0xffff x_cycles: 0xffffmaide_ns207024s
[   .352 N: gier ptol mi 2
[  4.15] P tablished hash table entries: 8192 (order: 4, 65536 bytes)

[    5.148953TCbi hh blenie 82 rd:  107bys)[  5634] P:ash tles nfured (taisd 92 bd 82)
[   .558 U hh blenie 5 (de 2, 16384 bytes)
[    7.0810] UDP-Lite hash table entries: 512 (order: 2, 16384 bytes)
[    7.130958] NET: Registered protocol family 1
[    7.131768] pci 0000:0:00.0: LimindictCICI trsfs
    7.470903] pci 0000:00:01.0: Activating ISA DMA hang workarounds
[    7.493548] pci 0000:00:02.0: Video device with shadedOMt em 0x000c0000-0x000dffff]
[    7.667606] Unpacking initramfs...

[    8.085364] Freeing initrd memory: 19744K
[    8.117514] clocksource: tsc: mask: 0xffffffffffffffff max_cycles: 0x6a8d280fdb9, max_idle_ns: 881591151302 ns
[    8.314590] platform rtc_cmos: registered platform RTC device (no PNP device found)
[    8.379452] Scanning for low memory corruption every 60 seconds
[    8.381104] Initialise system trusted keyrings
[    8.425657] Key type blacklist registered
[    8.519419] workingset: timestamp_bits=36 max_order=18 bucket_order=0
[    8.576003] zbud: loaded
[    8.616352] squashfs: version 4.0 (2009/01/31) Phillip Lougher
[    8.745203] fuse init (API version 7.26)
[    8.833269] Key type asymmetric registered
[    8.833991] Asymmetric key parser 'x509' registered
[    8.834863] Block layer SCSI generic (bsg) driver version 0.4 loaded (major 246)
[    8.836234] io scheduler noop registered
[    8.954550] io scheduler deadline registered
[    9.074618] io scheduler cfq registered (default)
[    9.180377] ACPI: AC Adapter [AC] (on-line)
[    9.198019] input: Power Button as /devices/LNXSYSTM:00/LNXPWRBN:00/input/input0
[    9.298463] ACPI: Power Button [PWRF]
[    9.402603] input: Sleep Button as /devices/LNXSYSTM:00/LNXSLPBN:00/input/input1
[    9.454510] ACPI: Sleep Button [SLPF]
[    9.470291] Serial: 8250/16550 driver, 32 ports, IRQ sharing enabled
[    9.493211] 00:02: ttyS0 at I/O 0x3f8 (irq = 4, base_baud = 115200) is a 16550A
[    9.666596] Linux agpgart interface v0.103
[    9.730814] loop: module loaded
[    9.812108] scsi host0: ata_piix
[    9.863551] scsi host1: ata_piix
[    9.874857] ata1: PATA max UDMA/33 cmd 0x1f0 ctl 0x3f6 bmdma 0xd000 irq 14
[    9.911743] ata2: PATA max UDMA/33 cmd 0x170 ctl 0x376 bmdma 0xd008 irq 15
[    9.912925] libphy: Fixed MDIO Bus: probed
[    9.976408] tun: Universal TUN/TAP device driver, 1.6
[   10.036063] PPP generic driver version 2.4.2
[   10.144594] ehci_hcd: USB 2.0 'Enhanced' Host Controller (EHCI) Driver
[   10.213654] ehci-pci: EHCI PCI platform driver
[   10.331821] ehci-platform: EHCI generic platform driver
[   10.381936] ohci_hcd: USB 1.1 'Open' Host Controller (OHCI) Driver
[   10.473289] ohci-pci: OHCI PCI platform driver
[   10.523311] ohci-platform: OHCI generic platform driver
[   10.549914] uhci_hcd: USB Universal Host Controller Interface driver
[   10.551074] i8042: PNP: PS/2 Controller [PNP0303:PS2K,PNP0f03:PS2M] at 0x60,0x64 irq 1,12
[   10.552981] serio: i8042 KBD port at 0x60,0x64 irq 1
[   10.553916] serio: i8042 AUX port at 0x60,0x64 irq 12
[   10.554922] mousedev: PS/2 mouse device common for all mice
[   10.556151] input: AT Translated Set 2 keyboard as /devices/platform/i8042/serio0/input/input2
[   10.557965] rtc_cmos rtc_cmos: rtc core: registered rtc_cmos as rtc0
[   10.559158] rtc_cmos rtc_cmos: alarms up to one day, 114 bytes nvram
[   10.560299] i2c /dev entries driver
[   10.561064] device-mapper: uevent: version 1.0.3
[   10.561991] device-mapper: ioctl: 4.37.0-ioctl (2017-09-20) initialised: dm-devel@redhat.com
[   10.620736] ledtrig-cpu: registered to indicate activity on CPUs
[   10.773067] NET: Registered protocol family 10
[   10.899392] Segment Routing with IPv6
[   10.996235] NET: Registered protocol family 17
[   11.095063] Key type dns_resolver registered
[   11.123887] mce: Using 0 MCE banks
[   11.185956] RAS: Correctable Errors collector initialized.
[   11.199525] sched_clock: Marking stable (11199500814, 0)->(38239952870, -27040452056)
[   11.201191] registered taskstats version 1
[   11.201972] Loading compiled-in X.509 certificates
[   11.204807] Loaded X.509 cert 'Build time autogenerated kernel key: 1ac9abf9980c816fb9cfffb58ec8b2f33f2baf04'
[   11.353842] zswap: loaded using pool lzo/zbud
[   11.377663] Key type big_key registered
[   11.378413] Key type trusted registered
[   11.380417] Key type encrypted registered
[   11.404619] AppArmor: AppArmor sha1 policy hashing enabled
[   11.411908] ima: No TPM chip found, activating TPM-bypass! (rc=-19)
[   11.412940] ima: Allocated hash algorithm: sha1
[   11.413781] evm: HMAC attrs: 0x1
[   11.473750]   Magic number: 12:885:174
[   11.482979] rtc_cmos rtc_cmos: setting system clock to 2020-11-01 11:10:23 UTC (1604229023)
[   11.609622] BIOS EDD facility v0.16 2004-Jun-25, 0 devices found
[   11.637019] EDD information not available.
[   11.639556] Freeing unused kernel image memory: 2436K
[   11.684175] Write protecting the kernel read-only data: 20480k
[   11.852783] Freeing unused kernel image memory: 2008K
[   11.985330] Freeing unused kernel image memory: 1872K
[   12.068767] x86/mm: Checked W+X mappings: passed, no W+X pages found.
[   12.122691] x86/mm: Checking user space page tables
[   12.225346] x86/mm: Checked W+X mappings: passed, no W+X pages found.
Loading, please wait...
starting version 237
[   12.422149] e1000: Intel(R) PRO/1000 Network Driver - version 7.3.21-k8-NAPI
[   12.584431] e1000: Copyright (c) 1999-2006 Intel Corporation.
[   12.692995] Fusion MPT base driver 3.04.20
[   12.713019] Copyright (c) 1999-2008 LSI Corporation
[   12.720417] AVX2 version of gcm_enc/dec engaged.
[   12.721254] AES CTR mode by8 optimization enabled
[   12.739117] Fusion MPT SPI Host driver 3.04.20
[   12.927717] input: ImExPS/2 Generic Explorer Mouse as /devices/platform/i8042/serio1/input/input4
[   13.072566] e1000 0000:00:03.0 eth0: (PCI:33MHz:32-bit) 02:28:76:2f:c2:b7
[   13.218775] e1000 0000:00:03.0 eth0: Intel(R) PRO/1000 Network Connection
[   13.372875] mptbase: ioc0: Initiating bringup
[   14.065469] ioc0: LSI53C1030 A0: Capabilities={Initiator}
[   16.193060] scsi host2: ioc0: LSI53C1030 A0, FwRev=00000000h, Ports=1, MaxQ=256, IRQ=20
[   18.486618] scsi 2:0:0:0: Direct-Access     VBOX     HARDDISK         1.0  PQ: 0 ANSI: 5
[   18.820915] scsi target2:0:0: Beginning Domain Validation
[   18.852422] e1000 0000:00:08.0 eth1: (PCI:33MHz:32-bit) 08:00:27:29:de:fe
[   20.360478] e1000 0000:00:08.0 eth1: Intel(R) PRO/1000 Network Connection
[   21.168963] e1000 0000:00:08.0 enp0s8: renamed from eth1
[   21.174573] scsi target2:0:0: Domain Validation skipping write tests
[   21.240781] scsi target2:0:0: Ending Domain Validation
[   21.243558] scsi target2:0:0: asynchronous
[   21.244881] scsi 2:0:1:0: Direct-Access     VBOX     HARDDISK         1.0  PQ: 0 ANSI: 5
[   21.277548] e1000 0000:00:03.0 enp0s3: renamed from eth0
[   21.336073] scsi target2:0:1: Beginning Domain Validation
[   21.337890] random: fast init done
[   21.351274] scsi target2:0:1: Domain Validation skipping write tests
[   21.372989] scsi target2:0:1: Ending Domain Validation
[   21.380279] random: systemd-udevd: uninitialized urandom read (16 bytes read)
[   21.380389] scsi target2:0:1: asynchronous
[   21.407266] random: systemd-udevd: uninitialized urandom read (16 bytes read)
[   21.411451] random: systemd-udevd: uninitialized urandom read (16 bytes read)
[   21.506684] sd 2:0:0:0: Attached scsi generic sg0 type 0
[   21.507867] sd 2:0:0:0: [sda] 20971520 512-byte logical blocks: (10.7 GB/10.0 GiB)
[   21.509277] sd 2:0:0:0: [sda] Write Protect is off
[   21.510453] sd 2:0:0:0: [sda] Incomplete mode parameter data
[   21.511470] sd 2:0:0:0: [sda] Assuming drive cache: write through
[   21.512982] sd 2:0:1:0: Attached scsi generic sg1 type 0
[   21.513991] sd 2:0:1:0: [sdb] 20480 512-byte logical blocks: (10.5 MB/10.0 MiB)
[   21.515339] sd 2:0:1:0: [sdb] Write Protect is off
[   21.517240] sd 2:0:1:0: [sdb] Incomplete mode parameter data
[   21.518162] sd 2:0:1:0: [sdb] Assuming drive cache: write through
[   21.652239]  sda: sda1
[   21.660363] sd 2:0:1:0: [sdb] Attached SCSI disk
[   21.682238] sd 2:0:0:0: [sda] Attached SCSI disk
Begin: Loading essential drivers ... [   23.144250] raid6: sse2x1   gen() 14574 MB/s
[   23.232052] raid6: sse2x1   xor() 10642 MB/s
[   23.308172] raid6: sse2x2   gen() 18047 MB/s
[   23.356487] raid6: sse2x2   xor() 12162 MB/s
[   23.404375] raid6: sse2x4   gen() 20708 MB/s
[   23.472063] raid6: sse2x4   xor() 11701 MB/s
[   23.552182] raid6: avx2x1   gen() 28518 MB/s
[   23.600523] raid6: avx2x1   xor() 19907 MB/s
[   23.648301] raid6: avx2x2   gen() 35657 MB/s
[   23.696619] raid6: avx2x2   xor() 22270 MB/s
[   23.820102] raid6: avx2x4   gen() 40450 MB/s
[   23.872293] raid6: avx2x4   xor() 23712 MB/s
[   23.892591] raid6: using algorithm avx2x4 gen() 40450 MB/s
[   23.899542] raid6: .... xor() 23712 MB/s, rmw enabled
[   23.900456] raid6: using avx2x2 recovery algorithm
[   23.902266] xor: automatically using best checksumming function   avx       
[   23.932929] async_tx: api initialized (async)
done.
Begin: Running /scripts/init-premount ... done.
Begin: Mounting root file system ... Begin: R[   23.994911] Btrfs loaded, crc32c=crc32c-intel
unning /scripts/local-top ... done.
Begin: Running /scripts/local-premount ... Scanning for Btrfs filesystems
done.
Warning: fsck not present, so skipping root file system
[   24.052613] EXT4-fs (sda1): mounted filesystem with ordered data mode. Opts: (null)
done.
Begin: Running /scripts/local-bottom ... done.
Begin: Running /scripts/init-bottom ... done.
[   24.836002] ip_tables: (C) 2000-2006 Netfilter Core Team
[   25.257893] systemd[1]: systemd 237 running in system mode. (+PAM +AUDIT +SELINUX +IMA +APPARMOR +SMACK +SYSVINIT +UTMP +LIBCRYPTSETUP +GCRYPT +GNUTLS +ACL +XZ +LZ4 +SECCOMP +BLKID +ELFUTILS +KMOD -IDN2 +IDN -PCRE2 default-hierarchy=hybrid)
[   26.320383] systemd[1]: Detected virtualization oracle.
[   26.322784] systemd[1]: Detected architecture x86-64.

Welcome to [1mUbuntu 18.04.4 LTS[0m!

[   26.439610] systemd[1]: Set hostname to <ubuntu-bionic>.
[   27.769347] random: crng init done
[   27.820370] random: 7 urandom warning(s) missed due to ratelimiting
[   28.997914] systemd[1]: Reached target Swap.
[[0;32m  OK  [0m] Reached target Swap.
[   29.000397] systemd[1]: Created slice System Slice.
[[0;32m  OK  [0m] Created slice System Slice.
[   29.001914] systemd[1]: Listening on Device-mapper event daemon FIFOs.
[[0;32m  OK  [0m] Listening on Device-mapper event daemon FIFOs.
[   30.172228] systemd[1]: Listening on Journal Socket.
[[0;32m  OK  [0m] Listening on Journal Socket.
[   31.315931] systemd[1]: Starting Remount Root and Kernel File Systems...
         Starting Remount Root and Kernel File Systems...
[   31.325173] systemd[1]: Starting Uncomplicated firewall...
         Starting Uncomplicated firewall...
[   31.339373] systemd[1]: Mounting Huge Pages File System...
         Mounting Huge Pages File System...
[   31.368325] systemd[1]: Listening on udev Kernel Socket.
[[0;32m  OK  [0m] Listening on udev Kernel Socket.
[   31.376742] systemd[1]: Listening on Journal Socket (/dev/log).
[[0;32m  OK  [0m] Listening on Journal Socket (/dev/log).
[   31.396969] systemd[1]: Starting Set the console keyboard layout...
         Starting Set the console keyboard layout...[   31.398763] EXT4-fs (sda1): re-mounted. Opts: (null)

[   31.808979] systemd[1]: Listening on LVM2 poll daemon socket.
[[0;32m  OK  [0m] Listening on LVM2 poll daemon socket.
[   31.825122] systemd[1]: Listening on /dev/initctl Compatibility Named Pipe.
[[0;32m  OK  [0m] Listening on /dev/initctl Compatibility Named Pipe.
[   31.952478] systemd[1]: Listening on Journal Audit Socket.
[[0;32m  OK  [0m] Listening on Journal Audit Socket.
[   32.017616] systemd[1]: Listening on LVM2 metadata daemon socket.
[[0;32m  OK  [0m] Listening on LVM2 metadata daemon socket.
         Starting Monitoring of LVM2 mirrors…ng dmeventd or progress polling...
         Mounting POSIX Message Queue File System...
[[0;32m  OK  [0m] Created slice system-serial\x2dgetty.slice.
[[0;32m  OK  [0m] Set up automount Arbitrary Executab…rmats File System Automount Point.
[[0;32m  OK  [0m] Reached target User and Group Name Lookups.
[[0;32m  OK  [0m] Created slice User and Session Slice.
[[0;32m  OK  [0m] Started Forward Password Requests to Wall Directory Watch.
[[0;32m  OK  [0m] Listening on Syslog Socket.
         Starting Journal Service...
         Starting Create list of required st…ce nodes for the current kernel...
         Mounting Kernel Debug File System...
[[0;32m  OK  [0m] Reached target System Time Synchronized.
[[0;32m  OK  [0m] Listening on udev Control Socket.
         Starting Load Kernel Modules...
         Starting udev Coldplug all Devices...
[[0;32m  OK  [0m] Listening on Network Service Netlink Socket.
[[0;32m  OK  [0m] Reached target Slices.
[[0;32m  OK  [[   32.452204] Loading iSCSI transport class v2.0-870.
0m] Started Journal Service.
[[0;32m  OK  [0m] Started Remount Root and Kernel File Systems.
[[0;32m  OK  [0m] Started Uncomplicated firewall.
[[0;32m  OK  [0m] Mounted Huge[   32.490994] iscsi: registered transport (tcp)
 Pages File System.
[   32.572368] iscsi: registered transport (iser)
[[0;32m  OK  [0m] Started Set the console keyboard layout.
[[0;32m  OK  [0m] Mounted POSIX Message Queue File System.
[[0;32m  OK  [0m] Started Create list of required sta…vice nodes for the current kernel.
[[0;32m  OK  [0m] Mounted Kernel Debug File System.
[[0;32m  OK  [0m] Started Load Kernel Modules.
[[0;32m  OK  [0m] Started LVM2 metadata daemon.
         Mounting FUSE Control File System...
         Starting Apply Kernel Variables...
         Mounting Kernel Configuration File System...
         Starting Create Static Device Nodes in /dev...
         Starting Load/Save Random Seed...
         Starting Flush Journal to Persistent Storage...
[[0;32m  OK  [0m] Started Monitoring of LVM2 mirrors,…sing dmeventd or progress polling.
[[0;32m  OK  [0m] Started udev Coldplug all Devices.
[[0;32m  OK  [0m] Mounted FUSE Control File System.
[[0;32m  OK  [0m] Started Apply Kernel Variables.
[[0;32m  OK  [0m] Mounted Kernel Configuration File System.
[[0;32m  OK  [0m] Started Create Static Device Nodes in /dev.
[[0;32m  OK  [0m] Started Load/Save Random Seed.
         Starting udev Kernel Device Manager...
[[0;32m  OK  [0m] Reached target Local File Systems (Pre).
[[0;32m  OK  [0m] Reached target Local File Systems.
         Starting AppArmor initialization...
         Starting Tell Plymouth To Write Out Runtime Data...
         Starting Set console font and keymap...
         Starting ebtables ruleset management...
[[0;32m  OK  [0m] Started udev Kernel Device Manager.
[[0;32m  OK  [0m] Started Tell Plymouth To Write Out Runtime Data.
[[0;32m  OK  [0m] Started Set console font and keymap.
[[0;32m  OK  [0m] Started Dispatch Password Requests to Console Directory Watch.
[[0;32m  OK  [0m] Reached target Local Encrypted Volumes.
[[0;32m  OK  [0m] Found device /dev/ttyS0.
[[0;32m  OK  [0m] Started Flush Journal to Persistent Storage.
         Starting Create Volatile Files and Directories...
[[0;32m  OK  [0m] Started ebtables ruleset management.
[[0;32m  OK  [0m] Listening on Load/Save RF Kill Switch Status /dev/rfkill Watch.
[[0;32m  OK  [0m] Started Create Volatile Files and Directories.
         Starting Update UTMP about System Boot/Shutdown...
[[0;32m  OK  [0m] Started Update UTMP about System Boot/Shutdown.
[[0;32m  OK  [0m] Started AppArmor initialization.
         Starting Load AppArmor profiles managed internally by snapd...
         Starting Initial cloud-init job (pre-networking)...
[[0;32m  OK  [0m] Started Load AppArmor profiles managed internally by snapd.
[   40.536722] cloud-init[549]: Cloud-init v. 20.2-45-g5f7825e2-0ubuntu1~18.04.1 running 'init-local' at Sun, 01 Nov 2020 11:10:52 +0000. Up 40.20 seconds.
[[0;32m  OK  [0m] Started Initial cloud-init job (pre-networking).
[[0;32m  OK  [0m] Reached target Network (Pre).
         Starting Network Service...
[[0;32m  OK  [0m] Started Network Service.
         Starting Wait for Network to be Configured...
         Starting Network Name Resolution...
[[0;32m  OK  [0m] Started Network Name Resolution.
[[0;32m  OK  [0m] Reached target Network.
[[0;32m  OK  [0m] Reached target Host and Network Name Lookups.
[[0;32m  OK  [0m] Started Wait for Network to be Configured.
         Starting Initial cloud-init job (metadata service crawler)...
[   42.949411] cloud-init[683]: Cloud-init v. 20.2-45-g5f7825e2-0ubuntu1~18.04.1 running 'init' at Sun, 01 Nov 2020 11:10:54 +0000. Up 42.74 seconds.
[   43.090811] cloud-init[683]: ci-info: ++++++++++++++++++++++++++++++++++++++Net device info+++++++++++++++++++++++++++++++++++++++
[   43.152308] cloud-init[683]: ci-info: +--------+------+-----------------------------+---------------+--------+-------------------+
[   43.185649] cloud-init[683]: ci-info: | Device |  Up  |           Address           |      Mask     | Scope  |     Hw-Address    |
[   43.187289] cloud-init[683]: ci-info: +--------+------+-----------------------------+---------------+--------+-------------------+
[   43.188868] cloud-init[683]: ci-info: | enp0s3 | True |          10.0.2.15          | 255.255.255.0 | global | 02:28:76:2f:c2:b7 |
[   43.231048] cloud-init[683]: ci-info: | enp0s3 | True |  fe80::28:76ff:fe2f:c2b7/64 |       .       |  link  | 02:28:76:2f:c2:b7 |
[   43.344479] cloud-init[683]: ci-info: | enp0s8 | True |        192.168.33.15        | 255.255.255.0 | global | 08:00:27:29:de:fe |
[   43.388312] cloud-init[683]: ci-info: | enp0s8 | True | fe80::a00:27ff:fe29:defe/64 |       .       |  link  | 08:00:27:29:de:fe |
[   43.396665] cloud-init[683]: ci-info: |   lo   | True |          127.0.0.1          |   255.0.0.0   |  host  |         .         |
[   43.516450] cloud-init[683]: ci-info: |   lo   | True |           ::1/128           |       .       |  host  |         .         |
[[   43.641758] cloud-init[683]: ci-info: +--------+------+-----------------------------+---------------+--------+-------------------+
[   43.641871] cloud-init[683]: ci-info: +++++++++++++++++++++++++++++Route IPv4 info+++++++++++++++++++++++++++++
[   43.642048] cloud-init[683]: ci-info: +-------+--------------+----------+-----------------+-----------+-------+
[   43.642207] cloud-init[683]: ci-info: | Route | Destination  | Gateway  |     Genmask     | Interface | Flags |
[0;32m  OK  [0m] Started Initial cloud-init job (metadata service crawler).
[   43.642530] cloud-init[683]: ci-info: +-------+--------------+----------+-----------------+-----------+-------+
[[0;32m  OK  [0m] Reached target Network is Online.
[   43.973710] cloud-init[683]: ci-info: |   0   |   0.0.0.0    | 10.0.2.2 |     0.0.0.0     |   enp0s3  |   UG  |
         [   44.036279] cloud-init[683]: ci-info: |   1   |   10.0.2.0   | 0.0.0.0  |  255.255.255.0  |   enp0s3  |   U   |
[   44.036523] cloud-init[683]: ci-info: |   2   |   10.0.2.2   | 0.0.0.0  | 255.255.255.255 |   enp0s3  |   UH  |
Starting Availability of block devices...
[   44.036975] cloud-init[683]: ci-info: |   3   | 192.168.33.0 | 0.0.0.0  |  255.255.255.0  |   enp0s8  |   U   |
[   44.088614] cloud-init[683]: ci-info: +-------+--------------+----------+-----------------+-----------+-------+
[[0;32m  OK  [0m] Reached target Remote File Systems (Pre).
[   44.089052] cloud-init[683]: ci-info: +++++++++++++++++++Route IPv6 info+++++++++++++++++++
[   44.142611] cloud-init[683]: ci-info: +-------+-------------+---------+-----------+-------+
[[0;32m  OK  [0m] Reached target Remote File Systems.
[   44.142741] cloud-init[683]: ci-info: | Route | Destination | Gateway | Interface | Flags |
[[0;32m  OK  [0m[   44.203127] cloud-init[683]: ci-info: +-------+-------------+---------+-----------+-------+
[   44.203418] cloud-init[683]: ci-info: |   1   |  fe80::/64  |    ::   |   enp0s8  |   U   |
[   44.203806] cloud-init[683]: ci-info: |   2   |  fe80::/64  |    ::   |   enp0s3  |   U   |
[   44.203964] cloud-init[683]: ci-info: |   4   |    local    |    ::   |   enp0s3  |   U   |
[   44.204304] cloud-init[683]: ci-info: |   5   |    local    |    ::   |   enp0s8  |   U   |
[   44.204726] cloud-init[683]: ci-info: |   6   |   ff00::/8  |    ::   |   enp0s8  |   U   |
[   44.204927] cloud-init[683]: ci-info: |   7   |   ff00::/8  |    ::   |   enp0s3  |   U   |
[   44.205097] cloud-init[683]: ci-info: +-------+-------------+---------+-----------+-------+
] Reached target System Initialization.
[[0;32m  OK  [0m] Listening on Open-iSCSI iscsid Socket.
[[0;32m  OK  [0m] Started Daily Cleanup of Temporary Directories.
[[0;32m  OK  [0m] Started ACPI Events Check.
[[0;32m  OK  [0m] Reached target Paths.
[[0;32m  OK  [0m] Started Clean PHP session files every 30 mins.
[[0;32m  OK  [0m] Listening on D-Bus System Message Bus Socket.
         Starting Socket activation for snappy daemon.
         Starting LXD - unix socket.
[[0;32m  OK  [0m] Listening on ACPID Listen Socket.
         Starting Docker Socket for the API.
[[0;32m  OK  [0m] Started Daily apt download activities.
[[0;32m  OK  [0m] Started Daily apt upgrade and clean activities.
[[0;32m  OK  [0m] Started Discard unused blocks once a week.
[[0;32m  OK  [0m] Listening on UUID daemon activation socket.
[[0;32m  OK  [0m] Started Message of the Day.
[[0;32m  OK  [0m] Reached target Timers.
[[0;32m  OK  [0m] Reached target Cloud-config availability.
[[0;32m  OK  [0m] Started Availability of block devices.
[[0;32m  OK  [0m] Listening on Socket activation for snappy daemon.
[[0;32m  OK  [0m] Listening on LXD - unix socket.
[[0;32m  OK  [0m] Listening on Docker Socket for the API.
[[0;32m  OK  [0m] Reached target Sockets.
[[0;32m  OK  [0m] Reached target Basic System.
         Starting vboxadd.service...
         Starting System Logging Service...
         Starting LXD - container startup/shutdown...
         Starting LSB: automatic crash report generation...
[[0;32m  OK  [0m] Started Deferred execution scheduler.
         Starting Clean php session files...
         Starting Message of the Day...
         Starting Accounts Service...
[[0;32m  OK  [0m] Started FUSE filesystem for LXC.
         Starting Permit User Sessions...
         Starting MariaDB 10.3.23 database server...
         Starting The Apache HTTP Server...
         Starting Dispatcher daemon for systemd-networkd...
         Starting LSB: Record successful boot for GRUB...
[[0;32m  OK  [0m] Started D-Bus System Message Bus.
[[0;32m  OK  [0m] Started Regular background program processing daemon.
         Starting OpenBSD Secure Shell server...
         Starting Login Service...
         Starting containerd container runtime...
[[0;32m  OK  [0m] Started irqbalance daemon.
         Starting Snap Daemon...
[[0;32m  OK  [0m] Started System Logging Service.
[[0;32m  OK  [0m] Started Permit User Sessions.
[[0;32m  OK  [0m] Started containerd container runtime.
[[0;32m  OK  [0m] Started Login Service.
[[0;32m  OK  [0m] Started Unattended Upgrades Shutdown.
         Starting Docker Application Container Engine...
         Starting Terminate Plymouth Boot Screen...
         Starting Hold until boot process finishes up...
[[0;32m  OK  [0m] Started Terminate Plymouth Boot Screen.
[[0;32m  OK  [0m] Started Hold until boot process finishes up.
[[0;32m  OK  [0m] Started Dispatcher daemon for systemd-networkd.
[[0;32m  OK  [0m] Started LSB: automatic crash report generation.
         Starting Authorization Manager...
[[0;32m  OK  [0m] Started Serial Getty on ttyS0.
         Starting Set console scheme...
[[0;32m  OK  [0m] Started Authorization Manager.
[[0;32m  OK  [0m] Started Accounts Service.
[[0;32m  OK  [0m] Started LSB: Record successful boot for GRUB.
[[0;32m  OK  [0m] Started Set console scheme.
[[0;32m  OK  [0m] Created slice system-getty.slice.
[[0;32m  OK  [0m] Started Getty on tty1.
[[0;32m  OK  [0m] Reached target Login Prompts.
[[0;32m  OK  [0m] Started vboxadd.service.
         Starting vboxadd-service.service...
[[0;32m  OK  [0m] Started OpenBSD Secure Shell server.
[[0;32m  OK  [0m] Started vboxadd-service.service.


Ubuntu 18.04.4 LTS ubuntu-bionic ttyS0

ubuntu-bionic login: [   58.044620] cloud-init[1671]: Cloud-init v. 20.2-45-g5f7825e2-0ubuntu1~18.04.1 running 'modules:config' at Sun, 01 Nov 2020 11:11:09 +0000. Up 57.39 seconds.
[   72.504983] cloud-init[2723]: Cloud-init v. 20.2-45-g5f7825e2-0ubuntu1~18.04.1 running 'modules:final' at Sun, 01 Nov 2020 11:11:23 +0000. Up 71.01 seconds.
[   72.505116] cloud-init[2723]: Cloud-init v. 20.2-45-g5f7825e2-0ubuntu1~18.04.1 finished at Sun, 01 Nov 2020 11:11:24 +0000. Datasource DataSourceNoCloud [seed=/dev/sdb][dsmode=net].  Up 72.49 seconds
         Stopping Ai[[0;32m  OK  [0m] Stopped Accounts Service.
[[0;32m  OK  [0m] Stopped Deferred execution scheduler.
[[0;32m  OK  [0m] Stopped Dispatcher daemon for systemd-networkd.
[[0;32m  OK  [0m] Unmounted /var/lib/lxcfs.
[[0;32m  OK  [0m] Stopped Regular background program processing daemon.
[[0;32m  OK  [0m] Stopped System Logging Service.
[[0;32m  OK  [0m] Stopped irqbalance daemon.
[[0;32m  OK  [0m] Stopped Docker Application Container Engine.
[[0;32m  OK  [0m] Stopped Authorization Manager.
[[0;32m  OK  [0m] Stopped Serial Getty on ttyS0.
[[0;32m  OK  [0m] Stopped Getty on tty1.
[[0;32m  OK  [0m] Stopped OpenBSD Secure Shell server.
[[0;32m  OK  [0m] Stopped User Manager for UID 1000.
[[0;32m  OK  [0m] Stopped D-Bus System Message Bus.
[[0;32m  OK  [0m] Stopped FUSE filesystem for LXC.
[[0;32m  OK  [0m] Stopped Session 23 of user vagrant.
[[0;32m  OK  [0m] Removed slice User Slice of vagrant.
         Stopping Login Service...
[[0;32m  OK  [0m] Removed slice system-getty.slice.
         Stopping Permit User Sessions...
[[0;32m  OK  [0m] Removed slice system-serial\x2dgetty.slice.
         Stopping containerd container runtime...
[[0;32m  OK  [0m] Stopped target Network is Online.
[[0;32m  OK  [0m] Stopped Login Service.
[[0;32m  OK  [0m] Stopped containerd container runtime.
[[0;32m  OK  [0m] Stopped Availability of block devices.
[[0;32m  OK  [0m] Stopped LXD - container startup/shutdown.
[[0;32m  OK  [0m] Stopped Permit User Sessions.
[[0;32m  OK  [0m] Stopped target User and Group Name Lookups.
[[0;32m  OK  [0m] Stopped LSB: Record successful boot for GRUB.
[[0;32m  OK  [0m] Stopped LSB: automatic crash report generation.
[[0;32m  OK  [0m] Stopped vboxadd-service.service.
         Stopping vboxadd.service...
[[0;32m  OK  [0m] Stopped The Apache HTTP Server.
[[0;32m  OK  [0m] Unmounted /home/vagrant/greenlight.
[[0;32m  OK  [0m] Unmounted /var/www/html.
[[0;32m  OK  [0m] Unmounted /vagrant.
[[0;32m  OK  [0m] Stopped vboxadd.service.
[[0;32m  OK  [0m] Stopped target Remote File Systems.
[[0;32m  OK  [0m] Stopped target Remote File Systems (Pre).
[[0;32m  OK  [0m] Stopped target Host and Network Name Lookups.
[[0;32m  OK  [0m] Stopped MariaDB 10.3.23 database server.
[[0;32m  OK  [0m] Stopped target Basic System.
[[0;32m  OK  [0m] Stopped target Paths.
[[0;32m  OK  [0m] Stopped ACPI Events Check.
[[0;32m  OK  [0m] Stopped target Sockets.
[[0;32m  OK  [0m] Closed UUID daemon activation socket.
[[0;32m  OK  [0m] Closed D-Bus System Message Bus Socket.
[[0;32m  OK  [0m] Closed LXD - unix socket.
[[0;32m  OK  [0m] Closed Syslog Socket.
[[0;32m  OK  [0m] Closed Socket activation for snappy daemon.
[[0;32m  OK  [0m] Closed Docker Socket for the API.
[[0;32m  OK  [0m] Closed Open-iSCSI iscsid Socket.
[[0;32m  OK  [0m] Closed ACPID Listen Socket.
[[0;32m  OK  [0m] Stopped target Slices.
[[0;32m  OK  [0m] Removed slice User and Session Slice.
[[0;32m  OK  [0m] Stopped target System Initialization.
         Stopping Update UTMP about System Boot/Shutdown...
         Stopping Load/Save Random Seed...
[[0;32m  OK  [0m] Stopped target Local Encrypted Volumes.
[[0;32m  OK  [0m] Stopped Forward Password Requests to Wall Directory Watch.
[[0;32m  OK  [0m] Stopped Dispatch Password Requests to Console Directory Watch.
[[0;32m  OK  [0m] Stopped Initial cloud-init job (metadata service crawler).
[[0;32m  OK  [0m] Stopped target Network.
         Stopping Network Name Resolution...
[[0;32m  OK  [0m] Stopped Network Name Resolution.
         Stopping Network Service...
[[0;32m  OK  [0m] Stopped Update UTMP about System Boot/Shutdown.
[[0;32m  OK  [0m] Stopped Create Volatile Files and Directories.
[[0;32m  OK  [0m] Stopped target Local File Systems.
         Unmounting /run/user/1000...
[[0;32m  OK  [0m] Unmounted /run/user/1000.
[[0;32m  OK  [0m] Stopped Load/Save Random Seed.
[[0;32m  OK  [0m] Reached target Unmount All Filesystems.
[[0;32m  OK  [0m] Stopped target Swap.
[[0;32m  OK  [0m] Stopped target Local File Systems (Pre).
[[0;32m  OK  [0m] Stopped Create Static Device Nodes in /dev.
         Stopping Monitoring of LVM2 mirrors…ng dmeventd or progress polling...
[[0;32m  OK  [0m] Stopped Network Service.
[[0;32m  OK  [0m] Stopped Apply Kernel Variables.
[[0;32m  OK  [0m] Stopped Load Kernel Modules.
[[0;32m  OK  [0m] Stopped target Network (Pre).
[[0;32m  OK  [0m] Stopped Initial cloud-init job (pre-networking).
[[0;32m  OK  [0m] Stopped Remount Root and Kernel File Systems.
[[0;32m  OK  [0m] Reached target Shutdown.
[[0;32m  OK  [0m] Reached target Final Step.
         Starting Power-Off...
[[0;32m  OK  [0m] Stopped Monitoring of LVM2 mirrors,…sing dmeventd or progress polling.
         Stopping LVM2 metadata daemon...
[[0;32m  OK  [0m] Stopped LVM2 metadata daemon.
[22604.177014] reboot: Power down
